#
# There is insufficient memory for the Java Runtime Environment to continue.
# Native memory allocation (malloc) failed to allocate 34416 bytes for Chunk::new
# Possible reasons:
#   The system is out of physical RAM or swap space
#   The process is running with CompressedOops enabled, and the Java Heap may be blocking the growth of the native heap
# Possible solutions:
#   Reduce memory load on the system
#   Increase physical memory or swap space
#   Check if swap backing store is full
#   Decrease Java heap size (-Xmx/-Xms)
#   Decrease number of Java threads
#   Decrease Java thread stack sizes (-Xss)
#   Set larger code cache with -XX:ReservedCodeCacheSize=
#   JVM is running with Unscaled Compressed Oops mode in which the Java heap is
#     placed in the first 4GB address space. The Java Heap base address is the
#     maximum limit for the native heap growth. Please use -XX:HeapBaseMinAddress
#     to set the Java Heap base and to place the Java Heap above 4GB virtual address.
# This output file may be truncated or incomplete.
#
#  Out of Memory Error (c:/BuildAgent/work/5ff2f6c26000d570/src/hotspot/share/memory/arena.cpp:197), pid=2620, tid=8264
#
# JRE version: OpenJDK Runtime Environment (11.0.6+8) (build 11.0.6+8-b520.43)
# Java VM: OpenJDK 64-Bit Server VM (11.0.6+8-b520.43, mixed mode, sharing, tiered, compressed oops, g1 gc, windows-amd64)
# No core dump will be written. Minidumps are not enabled by default on client versions of Windows
#

---------------  S U M M A R Y ------------

Command Line: org.jetbrains.git4idea.http.GitAskPassApp Password for 'https://github.com': 

Host: Intel(R) Core(TM) i5-2540M CPU @ 2.60GHz, 4 cores, 7G,  Windows 7 , 64 bit Build 7601 (6.1.7601.24545)
Time: Mon May 18 14:10:22 2020 ?D1¨²¡À¨º¡Á?¨º¡À?? elapsed time: 0 seconds (0d 0h 0m 0s)

---------------  T H R E A D  ---------------

Current thread (0x000000001daec800):  JavaThread "C2 CompilerThread0" daemon [_thread_in_native, id=8264, stack(0x000000001e4d0000,0x000000001e5d0000)]


Current CompileTask:
C2:    170  262       4       java.lang.String::hashCode (49 bytes)

Stack: [0x000000001e4d0000,0x000000001e5d0000]
Native frames: (J=compiled Java code, j=interpreted, Vv=VM code, C=native code)
V  [jvm.dll+0x5de31a]
V  [jvm.dll+0x710ae5]
V  [jvm.dll+0x712005]
V  [jvm.dll+0x7126b3]
V  [jvm.dll+0x23e3a8]
V  [jvm.dll+0xb8b5c]
V  [jvm.dll+0xb905c]
V  [jvm.dll+0x2b1ec4]
V  [jvm.dll+0x502b42]
V  [jvm.dll+0x1f8fe8]
V  [jvm.dll+0x1f691f]
V  [jvm.dll+0x17f76c]
V  [jvm.dll+0x204dd7]
V  [jvm.dll+0x203641]
V  [jvm.dll+0x6da98f]
V  [jvm.dll+0x6d379d]
V  [jvm.dll+0x5dd2e6]
C  [ucrtbase.DLL+0x1c1ae]
C  [kernel32.dll+0x1556d]
C  [ntdll.dll+0x5372d]


---------------  P R O C E S S  ---------------

Threads class SMR info:
_java_thread_list=0x000000001e9aed80, length=10, elements={
0x000000001cd91800, 0x000000001cd92800, 0x000000001daea800, 0x000000001daeb800,
0x000000001daec800, 0x000000001daf2000, 0x000000001dafe000, 0x000000001e8d4000,
0x000000001e8dd000, 0x00000000004a4800
}

Java Threads: ( => current thread )
  0x000000001cd91800 JavaThread "Reference Handler" daemon [_thread_blocked, id=12648, stack(0x000000001de90000,0x000000001df90000)]
  0x000000001cd92800 JavaThread "Finalizer" daemon [_thread_blocked, id=9236, stack(0x000000001dfd0000,0x000000001e0d0000)]
  0x000000001daea800 JavaThread "Signal Dispatcher" daemon [_thread_blocked, id=9084, stack(0x000000001e140000,0x000000001e240000)]
  0x000000001daeb800 JavaThread "Attach Listener" daemon [_thread_blocked, id=10436, stack(0x000000001e350000,0x000000001e450000)]
=>0x000000001daec800 JavaThread "C2 CompilerThread0" daemon [_thread_in_native, id=8264, stack(0x000000001e4d0000,0x000000001e5d0000)]
  0x000000001daf2000 JavaThread "C1 CompilerThread0" daemon [_thread_blocked, id=12656, stack(0x000000001e5f0000,0x000000001e6f0000)]
  0x000000001dafe000 JavaThread "Sweeper thread" daemon [_thread_blocked, id=12396, stack(0x000000001e760000,0x000000001e860000)]
  0x000000001e8d4000 JavaThread "Service Thread" daemon [_thread_blocked, id=12368, stack(0x000000001ce00000,0x000000001cf00000)]
  0x000000001e8dd000 JavaThread "Common-Cleaner" daemon [_thread_blocked, id=13476, stack(0x000000001ee20000,0x000000001ef20000)]
  0x00000000004a4800 JavaThread "DestroyJavaVM" [_thread_blocked, id=4748, stack(0x0000000001e40000,0x0000000001f40000)]

Other Threads:
  0x000000001cd8f800 VMThread "VM Thread" [stack: 0x000000001dc80000,0x000000001dd80000] [id=1492]
  0x000000001e8d7000 WatcherThread [stack: 0x000000001ec90000,0x000000001ed90000] [id=11368]
  0x00000000004bd800 GCTaskThread "GC Thread#0" [stack: 0x0000000015550000,0x0000000015650000] [id=10460]
  0x00000000004ee000 ConcurrentGCThread "G1 Main Marker" [stack: 0x000000001a760000,0x000000001a860000] [id=5044]
  0x00000000004ef000 ConcurrentGCThread "G1 Conc#0" [stack: 0x000000001a5d0000,0x000000001a6d0000] [id=12908]
  0x000000001ccf8800 ConcurrentGCThread "G1 Refine#0" [stack: 0x000000001cf10000,0x000000001d010000] [id=13412]
  0x000000001ccf9000 ConcurrentGCThread "G1 Young RemSet Sampling" [stack: 0x000000001d100000,0x000000001d200000] [id=6712]

Threads with active compile tasks:
C2 CompilerThread0    191  262       4       java.lang.String::hashCode (49 bytes)

VM state:not at safepoint (normal execution)

VM Mutex/Monitor currently owned by a thread: None

Heap address: 0x0000000081c00000, size: 2020 MB, Compressed Oops mode: 32-bit
Narrow klass base: 0x0000000800000000, Narrow klass shift: 3
Compressed class space size: 1073741824 Address: 0x0000000840000000

Heap:
 garbage-first heap   total 131072K, used 4096K [0x0000000081c00000, 0x0000000100000000)
  region size 1024K, 6 young (6144K), 0 survivors (0K)
 Metaspace       used 851K, capacity 4688K, committed 4864K, reserved 1056768K
  class space    used 86K, capacity 432K, committed 512K, reserved 1048576K
Heap Regions: E=young(eden), S=young(survivor), O=old, HS=humongous(starts), HC=humongous(continues), CS=collection set, F=free, A=archive, TAMS=top-at-mark-start (previous, next)
|   0|0x0000000081c00000, 0x0000000081c00000, 0x0000000081d00000|  0%| F|  |TAMS 0x0000000081c00000, 0x0000000081c00000| Untracked 
|   1|0x0000000081d00000, 0x0000000081d00000, 0x0000000081e00000|  0%| F|  |TAMS 0x0000000081d00000, 0x0000000081d00000| Untracked 
|   2|0x0000000081e00000, 0x0000000081e00000, 0x0000000081f00000|  0%| F|  |TAMS 0x0000000081e00000, 0x0000000081e00000| Untracked 
|   3|0x0000000081f00000, 0x0000000081f00000, 0x0000000082000000|  0%| F|  |TAMS 0x0000000081f00000, 0x0000000081f00000| Untracked 
|   4|0x0000000082000000, 0x0000000082000000, 0x0000000082100000|  0%| F|  |TAMS 0x0000000082000000, 0x0000000082000000| Untracked 
|   5|0x0000000082100000, 0x0000000082100000, 0x0000000082200000|  0%| F|  |TAMS 0x0000000082100000, 0x0000000082100000| Untracked 
|   6|0x0000000082200000, 0x0000000082200000, 0x0000000082300000|  0%| F|  |TAMS 0x0000000082200000, 0x0000000082200000| Untracked 
|   7|0x0000000082300000, 0x0000000082300000, 0x0000000082400000|  0%| F|  |TAMS 0x0000000082300000, 0x0000000082300000| Untracked 
|   8|0x0000000082400000, 0x0000000082400000, 0x0000000082500000|  0%| F|  |TAMS 0x0000000082400000, 0x0000000082400000| Untracked 
|   9|0x0000000082500000, 0x0000000082500000, 0x0000000082600000|  0%| F|  |TAMS 0x0000000082500000, 0x0000000082500000| Untracked 
|  10|0x0000000082600000, 0x0000000082600000, 0x0000000082700000|  0%| F|  |TAMS 0x0000000082600000, 0x0000000082600000| Untracked 
|  11|0x0000000082700000, 0x0000000082700000, 0x0000000082800000|  0%| F|  |TAMS 0x0000000082700000, 0x0000000082700000| Untracked 
|  12|0x0000000082800000, 0x0000000082800000, 0x0000000082900000|  0%| F|  |TAMS 0x0000000082800000, 0x0000000082800000| Untracked 
|  13|0x0000000082900000, 0x0000000082900000, 0x0000000082a00000|  0%| F|  |TAMS 0x0000000082900000, 0x0000000082900000| Untracked 
|  14|0x0000000082a00000, 0x0000000082a00000, 0x0000000082b00000|  0%| F|  |TAMS 0x0000000082a00000, 0x0000000082a00000| Untracked 
|  15|0x0000000082b00000, 0x0000000082b00000, 0x0000000082c00000|  0%| F|  |TAMS 0x0000000082b00000, 0x0000000082b00000| Untracked 
|  16|0x0000000082c00000, 0x0000000082c00000, 0x0000000082d00000|  0%| F|  |TAMS 0x0000000082c00000, 0x0000000082c00000| Untracked 
|  17|0x0000000082d00000, 0x0000000082d00000, 0x0000000082e00000|  0%| F|  |TAMS 0x0000000082d00000, 0x0000000082d00000| Untracked 
|  18|0x0000000082e00000, 0x0000000082e00000, 0x0000000082f00000|  0%| F|  |TAMS 0x0000000082e00000, 0x0000000082e00000| Untracked 
|  19|0x0000000082f00000, 0x0000000082f00000, 0x0000000083000000|  0%| F|  |TAMS 0x0000000082f00000, 0x0000000082f00000| Untracked 
|  20|0x0000000083000000, 0x0000000083000000, 0x0000000083100000|  0%| F|  |TAMS 0x0000000083000000, 0x0000000083000000| Untracked 
|  21|0x0000000083100000, 0x0000000083100000, 0x0000000083200000|  0%| F|  |TAMS 0x0000000083100000, 0x0000000083100000| Untracked 
|  22|0x0000000083200000, 0x0000000083200000, 0x0000000083300000|  0%| F|  |TAMS 0x0000000083200000, 0x0000000083200000| Untracked 
|  23|0x0000000083300000, 0x0000000083300000, 0x0000000083400000|  0%| F|  |TAMS 0x0000000083300000, 0x0000000083300000| Untracked 
|  24|0x0000000083400000, 0x0000000083400000, 0x0000000083500000|  0%| F|  |TAMS 0x0000000083400000, 0x0000000083400000| Untracked 
|  25|0x0000000083500000, 0x0000000083500000, 0x0000000083600000|  0%| F|  |TAMS 0x0000000083500000, 0x0000000083500000| Untracked 
|  26|0x0000000083600000, 0x0000000083600000, 0x0000000083700000|  0%| F|  |TAMS 0x0000000083600000, 0x0000000083600000| Untracked 
|  27|0x0000000083700000, 0x0000000083700000, 0x0000000083800000|  0%| F|  |TAMS 0x0000000083700000, 0x0000000083700000| Untracked 
|  28|0x0000000083800000, 0x0000000083800000, 0x0000000083900000|  0%| F|  |TAMS 0x0000000083800000, 0x0000000083800000| Untracked 
|  29|0x0000000083900000, 0x0000000083900000, 0x0000000083a00000|  0%| F|  |TAMS 0x0000000083900000, 0x0000000083900000| Untracked 
|  30|0x0000000083a00000, 0x0000000083a00000, 0x0000000083b00000|  0%| F|  |TAMS 0x0000000083a00000, 0x0000000083a00000| Untracked 
|  31|0x0000000083b00000, 0x0000000083b00000, 0x0000000083c00000|  0%| F|  |TAMS 0x0000000083b00000, 0x0000000083b00000| Untracked 
|  32|0x0000000083c00000, 0x0000000083c00000, 0x0000000083d00000|  0%| F|  |TAMS 0x0000000083c00000, 0x0000000083c00000| Untracked 
|  33|0x0000000083d00000, 0x0000000083d00000, 0x0000000083e00000|  0%| F|  |TAMS 0x0000000083d00000, 0x0000000083d00000| Untracked 
|  34|0x0000000083e00000, 0x0000000083e00000, 0x0000000083f00000|  0%| F|  |TAMS 0x0000000083e00000, 0x0000000083e00000| Untracked 
|  35|0x0000000083f00000, 0x0000000083f00000, 0x0000000084000000|  0%| F|  |TAMS 0x0000000083f00000, 0x0000000083f00000| Untracked 
|  36|0x0000000084000000, 0x0000000084000000, 0x0000000084100000|  0%| F|  |TAMS 0x0000000084000000, 0x0000000084000000| Untracked 
|  37|0x0000000084100000, 0x0000000084100000, 0x0000000084200000|  0%| F|  |TAMS 0x0000000084100000, 0x0000000084100000| Untracked 
|  38|0x0000000084200000, 0x0000000084200000, 0x0000000084300000|  0%| F|  |TAMS 0x0000000084200000, 0x0000000084200000| Untracked 
|  39|0x0000000084300000, 0x0000000084300000, 0x0000000084400000|  0%| F|  |TAMS 0x0000000084300000, 0x0000000084300000| Untracked 
|  40|0x0000000084400000, 0x0000000084400000, 0x0000000084500000|  0%| F|  |TAMS 0x0000000084400000, 0x0000000084400000| Untracked 
|  41|0x0000000084500000, 0x0000000084500000, 0x0000000084600000|  0%| F|  |TAMS 0x0000000084500000, 0x0000000084500000| Untracked 
|  42|0x0000000084600000, 0x0000000084600000, 0x0000000084700000|  0%| F|  |TAMS 0x0000000084600000, 0x0000000084600000| Untracked 
|  43|0x0000000084700000, 0x0000000084700000, 0x0000000084800000|  0%| F|  |TAMS 0x0000000084700000, 0x0000000084700000| Untracked 
|  44|0x0000000084800000, 0x0000000084800000, 0x0000000084900000|  0%| F|  |TAMS 0x0000000084800000, 0x0000000084800000| Untracked 
|  45|0x0000000084900000, 0x0000000084900000, 0x0000000084a00000|  0%| F|  |TAMS 0x0000000084900000, 0x0000000084900000| Untracked 
|  46|0x0000000084a00000, 0x0000000084a00000, 0x0000000084b00000|  0%| F|  |TAMS 0x0000000084a00000, 0x0000000084a00000| Untracked 
|  47|0x0000000084b00000, 0x0000000084b00000, 0x0000000084c00000|  0%| F|  |TAMS 0x0000000084b00000, 0x0000000084b00000| Untracked 
|  48|0x0000000084c00000, 0x0000000084c00000, 0x0000000084d00000|  0%| F|  |TAMS 0x0000000084c00000, 0x0000000084c00000| Untracked 
|  49|0x0000000084d00000, 0x0000000084d00000, 0x0000000084e00000|  0%| F|  |TAMS 0x0000000084d00000, 0x0000000084d00000| Untracked 
|  50|0x0000000084e00000, 0x0000000084e00000, 0x0000000084f00000|  0%| F|  |TAMS 0x0000000084e00000, 0x0000000084e00000| Untracked 
|  51|0x0000000084f00000, 0x0000000084f00000, 0x0000000085000000|  0%| F|  |TAMS 0x0000000084f00000, 0x0000000084f00000| Untracked 
|  52|0x0000000085000000, 0x0000000085000000, 0x0000000085100000|  0%| F|  |TAMS 0x0000000085000000, 0x0000000085000000| Untracked 
|  53|0x0000000085100000, 0x0000000085100000, 0x0000000085200000|  0%| F|  |TAMS 0x0000000085100000, 0x0000000085100000| Untracked 
|  54|0x0000000085200000, 0x0000000085200000, 0x0000000085300000|  0%| F|  |TAMS 0x0000000085200000, 0x0000000085200000| Untracked 
|  55|0x0000000085300000, 0x0000000085300000, 0x0000000085400000|  0%| F|  |TAMS 0x0000000085300000, 0x0000000085300000| Untracked 
|  56|0x0000000085400000, 0x0000000085400000, 0x0000000085500000|  0%| F|  |TAMS 0x0000000085400000, 0x0000000085400000| Untracked 
|  57|0x0000000085500000, 0x0000000085500000, 0x0000000085600000|  0%| F|  |TAMS 0x0000000085500000, 0x0000000085500000| Untracked 
|  58|0x0000000085600000, 0x0000000085600000, 0x0000000085700000|  0%| F|  |TAMS 0x0000000085600000, 0x0000000085600000| Untracked 
|  59|0x0000000085700000, 0x0000000085700000, 0x0000000085800000|  0%| F|  |TAMS 0x0000000085700000, 0x0000000085700000| Untracked 
|  60|0x0000000085800000, 0x0000000085800000, 0x0000000085900000|  0%| F|  |TAMS 0x0000000085800000, 0x0000000085800000| Untracked 
|  61|0x0000000085900000, 0x0000000085900000, 0x0000000085a00000|  0%| F|  |TAMS 0x0000000085900000, 0x0000000085900000| Untracked 
|  62|0x0000000085a00000, 0x0000000085a00000, 0x0000000085b00000|  0%| F|  |TAMS 0x0000000085a00000, 0x0000000085a00000| Untracked 
|  63|0x0000000085b00000, 0x0000000085b00000, 0x0000000085c00000|  0%| F|  |TAMS 0x0000000085b00000, 0x0000000085b00000| Untracked 
|  64|0x0000000085c00000, 0x0000000085c00000, 0x0000000085d00000|  0%| F|  |TAMS 0x0000000085c00000, 0x0000000085c00000| Untracked 
|  65|0x0000000085d00000, 0x0000000085d00000, 0x0000000085e00000|  0%| F|  |TAMS 0x0000000085d00000, 0x0000000085d00000| Untracked 
|  66|0x0000000085e00000, 0x0000000085e00000, 0x0000000085f00000|  0%| F|  |TAMS 0x0000000085e00000, 0x0000000085e00000| Untracked 
|  67|0x0000000085f00000, 0x0000000085f00000, 0x0000000086000000|  0%| F|  |TAMS 0x0000000085f00000, 0x0000000085f00000| Untracked 
|  68|0x0000000086000000, 0x0000000086000000, 0x0000000086100000|  0%| F|  |TAMS 0x0000000086000000, 0x0000000086000000| Untracked 
|  69|0x0000000086100000, 0x0000000086100000, 0x0000000086200000|  0%| F|  |TAMS 0x0000000086100000, 0x0000000086100000| Untracked 
|  70|0x0000000086200000, 0x0000000086200000, 0x0000000086300000|  0%| F|  |TAMS 0x0000000086200000, 0x0000000086200000| Untracked 
|  71|0x0000000086300000, 0x0000000086300000, 0x0000000086400000|  0%| F|  |TAMS 0x0000000086300000, 0x0000000086300000| Untracked 
|  72|0x0000000086400000, 0x0000000086400000, 0x0000000086500000|  0%| F|  |TAMS 0x0000000086400000, 0x0000000086400000| Untracked 
|  73|0x0000000086500000, 0x0000000086500000, 0x0000000086600000|  0%| F|  |TAMS 0x0000000086500000, 0x0000000086500000| Untracked 
|  74|0x0000000086600000, 0x0000000086600000, 0x0000000086700000|  0%| F|  |TAMS 0x0000000086600000, 0x0000000086600000| Untracked 
|  75|0x0000000086700000, 0x0000000086700000, 0x0000000086800000|  0%| F|  |TAMS 0x0000000086700000, 0x0000000086700000| Untracked 
|  76|0x0000000086800000, 0x0000000086800000, 0x0000000086900000|  0%| F|  |TAMS 0x0000000086800000, 0x0000000086800000| Untracked 
|  77|0x0000000086900000, 0x0000000086900000, 0x0000000086a00000|  0%| F|  |TAMS 0x0000000086900000, 0x0000000086900000| Untracked 
|  78|0x0000000086a00000, 0x0000000086a00000, 0x0000000086b00000|  0%| F|  |TAMS 0x0000000086a00000, 0x0000000086a00000| Untracked 
|  79|0x0000000086b00000, 0x0000000086b00000, 0x0000000086c00000|  0%| F|  |TAMS 0x0000000086b00000, 0x0000000086b00000| Untracked 
|  80|0x0000000086c00000, 0x0000000086c00000, 0x0000000086d00000|  0%| F|  |TAMS 0x0000000086c00000, 0x0000000086c00000| Untracked 
|  81|0x0000000086d00000, 0x0000000086d00000, 0x0000000086e00000|  0%| F|  |TAMS 0x0000000086d00000, 0x0000000086d00000| Untracked 
|  82|0x0000000086e00000, 0x0000000086e00000, 0x0000000086f00000|  0%| F|  |TAMS 0x0000000086e00000, 0x0000000086e00000| Untracked 
|  83|0x0000000086f00000, 0x0000000086f00000, 0x0000000087000000|  0%| F|  |TAMS 0x0000000086f00000, 0x0000000086f00000| Untracked 
|  84|0x0000000087000000, 0x0000000087000000, 0x0000000087100000|  0%| F|  |TAMS 0x0000000087000000, 0x0000000087000000| Untracked 
|  85|0x0000000087100000, 0x0000000087100000, 0x0000000087200000|  0%| F|  |TAMS 0x0000000087100000, 0x0000000087100000| Untracked 
|  86|0x0000000087200000, 0x0000000087200000, 0x0000000087300000|  0%| F|  |TAMS 0x0000000087200000, 0x0000000087200000| Untracked 
|  87|0x0000000087300000, 0x0000000087300000, 0x0000000087400000|  0%| F|  |TAMS 0x0000000087300000, 0x0000000087300000| Untracked 
|  88|0x0000000087400000, 0x0000000087400000, 0x0000000087500000|  0%| F|  |TAMS 0x0000000087400000, 0x0000000087400000| Untracked 
|  89|0x0000000087500000, 0x0000000087500000, 0x0000000087600000|  0%| F|  |TAMS 0x0000000087500000, 0x0000000087500000| Untracked 
|  90|0x0000000087600000, 0x0000000087600000, 0x0000000087700000|  0%| F|  |TAMS 0x0000000087600000, 0x0000000087600000| Untracked 
|  91|0x0000000087700000, 0x0000000087700000, 0x0000000087800000|  0%| F|  |TAMS 0x0000000087700000, 0x0000000087700000| Untracked 
|  92|0x0000000087800000, 0x0000000087800000, 0x0000000087900000|  0%| F|  |TAMS 0x0000000087800000, 0x0000000087800000| Untracked 
|  93|0x0000000087900000, 0x0000000087900000, 0x0000000087a00000|  0%| F|  |TAMS 0x0000000087900000, 0x0000000087900000| Untracked 
|  94|0x0000000087a00000, 0x0000000087a00000, 0x0000000087b00000|  0%| F|  |TAMS 0x0000000087a00000, 0x0000000087a00000| Untracked 
|  95|0x0000000087b00000, 0x0000000087b00000, 0x0000000087c00000|  0%| F|  |TAMS 0x0000000087b00000, 0x0000000087b00000| Untracked 
|  96|0x0000000087c00000, 0x0000000087c00000, 0x0000000087d00000|  0%| F|  |TAMS 0x0000000087c00000, 0x0000000087c00000| Untracked 
|  97|0x0000000087d00000, 0x0000000087d00000, 0x0000000087e00000|  0%| F|  |TAMS 0x0000000087d00000, 0x0000000087d00000| Untracked 
|  98|0x0000000087e00000, 0x0000000087e00000, 0x0000000087f00000|  0%| F|  |TAMS 0x0000000087e00000, 0x0000000087e00000| Untracked 
|  99|0x0000000087f00000, 0x0000000087f00000, 0x0000000088000000|  0%| F|  |TAMS 0x0000000087f00000, 0x0000000087f00000| Untracked 
| 100|0x0000000088000000, 0x0000000088000000, 0x0000000088100000|  0%| F|  |TAMS 0x0000000088000000, 0x0000000088000000| Untracked 
| 101|0x0000000088100000, 0x0000000088100000, 0x0000000088200000|  0%| F|  |TAMS 0x0000000088100000, 0x0000000088100000| Untracked 
| 102|0x0000000088200000, 0x0000000088200000, 0x0000000088300000|  0%| F|  |TAMS 0x0000000088200000, 0x0000000088200000| Untracked 
| 103|0x0000000088300000, 0x0000000088300000, 0x0000000088400000|  0%| F|  |TAMS 0x0000000088300000, 0x0000000088300000| Untracked 
| 104|0x0000000088400000, 0x0000000088400000, 0x0000000088500000|  0%| F|  |TAMS 0x0000000088400000, 0x0000000088400000| Untracked 
| 105|0x0000000088500000, 0x0000000088500000, 0x0000000088600000|  0%| F|  |TAMS 0x0000000088500000, 0x0000000088500000| Untracked 
| 106|0x0000000088600000, 0x0000000088600000, 0x0000000088700000|  0%| F|  |TAMS 0x0000000088600000, 0x0000000088600000| Untracked 
| 107|0x0000000088700000, 0x0000000088700000, 0x0000000088800000|  0%| F|  |TAMS 0x0000000088700000, 0x0000000088700000| Untracked 
| 108|0x0000000088800000, 0x0000000088800000, 0x0000000088900000|  0%| F|  |TAMS 0x0000000088800000, 0x0000000088800000| Untracked 
| 109|0x0000000088900000, 0x0000000088900000, 0x0000000088a00000|  0%| F|  |TAMS 0x0000000088900000, 0x0000000088900000| Untracked 
| 110|0x0000000088a00000, 0x0000000088a00000, 0x0000000088b00000|  0%| F|  |TAMS 0x0000000088a00000, 0x0000000088a00000| Untracked 
| 111|0x0000000088b00000, 0x0000000088b00000, 0x0000000088c00000|  0%| F|  |TAMS 0x0000000088b00000, 0x0000000088b00000| Untracked 
| 112|0x0000000088c00000, 0x0000000088c00000, 0x0000000088d00000|  0%| F|  |TAMS 0x0000000088c00000, 0x0000000088c00000| Untracked 
| 113|0x0000000088d00000, 0x0000000088d00000, 0x0000000088e00000|  0%| F|  |TAMS 0x0000000088d00000, 0x0000000088d00000| Untracked 
| 114|0x0000000088e00000, 0x0000000088e00000, 0x0000000088f00000|  0%| F|  |TAMS 0x0000000088e00000, 0x0000000088e00000| Untracked 
| 115|0x0000000088f00000, 0x0000000088f00000, 0x0000000089000000|  0%| F|  |TAMS 0x0000000088f00000, 0x0000000088f00000| Untracked 
| 116|0x0000000089000000, 0x0000000089000000, 0x0000000089100000|  0%| F|  |TAMS 0x0000000089000000, 0x0000000089000000| Untracked 
| 117|0x0000000089100000, 0x0000000089100000, 0x0000000089200000|  0%| F|  |TAMS 0x0000000089100000, 0x0000000089100000| Untracked 
| 118|0x0000000089200000, 0x0000000089200000, 0x0000000089300000|  0%| F|  |TAMS 0x0000000089200000, 0x0000000089200000| Untracked 
| 119|0x0000000089300000, 0x0000000089300000, 0x0000000089400000|  0%| F|  |TAMS 0x0000000089300000, 0x0000000089300000| Untracked 
| 120|0x0000000089400000, 0x0000000089400000, 0x0000000089500000|  0%| F|  |TAMS 0x0000000089400000, 0x0000000089400000| Untracked 
| 121|0x0000000089500000, 0x0000000089500000, 0x0000000089600000|  0%| F|  |TAMS 0x0000000089500000, 0x0000000089500000| Untracked 
| 122|0x0000000089600000, 0x000000008968ff60, 0x0000000089700000| 56%| E|  |TAMS 0x0000000089600000, 0x0000000089600000| Complete 
| 123|0x0000000089700000, 0x0000000089800000, 0x0000000089800000|100%| E|CS|TAMS 0x0000000089700000, 0x0000000089700000| Complete 
| 124|0x0000000089800000, 0x0000000089900000, 0x0000000089900000|100%| E|CS|TAMS 0x0000000089800000, 0x0000000089800000| Complete 
| 125|0x0000000089900000, 0x0000000089a00000, 0x0000000089a00000|100%| E|  |TAMS 0x0000000089900000, 0x0000000089900000| Complete 
| 126|0x0000000089a00000, 0x0000000089b00000, 0x0000000089b00000|100%| E|CS|TAMS 0x0000000089a00000, 0x0000000089a00000| Complete 
| 127|0x0000000089b00000, 0x0000000089c00000, 0x0000000089c00000|100%| E|CS|TAMS 0x0000000089b00000, 0x0000000089b00000| Complete 

Card table byte_map: [0x0000000015e90000,0x0000000016290000] _byte_map_base: 0x0000000015a82000

Marking Bits (Prev, Next): (CMBitMap*) 0x00000000004e5148, (CMBitMap*) 0x00000000004e5180
 Prev Bits: [0x0000000016690000, 0x0000000018620000)
 Next Bits: [0x0000000018620000, 0x000000001a5b0000)

Polling page: 0x0000000000410000

Metaspace:

Usage:
  Non-class:      4.16 MB capacity,   765.77 KB ( 18%) used,     3.41 MB ( 82%) free+waste,     1.25 KB ( <1%) overhead. 
      Class:    432.00 KB capacity,    86.05 KB ( 20%) used,   345.13 KB ( 80%) free+waste,   832 bytes ( <1%) overhead. 
       Both:      4.58 MB capacity,   851.82 KB ( 18%) used,     3.74 MB ( 82%) free+waste,     2.06 KB ( <1%) overhead. 

Virtual space:
  Non-class space:        8.00 MB reserved,       4.25 MB ( 53%) committed 
      Class space:        1.00 GB reserved,     512.00 KB ( <1%) committed 
             Both:        1.01 GB reserved,       4.75 MB ( <1%) committed 

Chunk freelists:
   Non-Class:  32.00 KB
       Class:  16.00 KB
        Both:  48.00 KB

MaxMetaspaceSize: 17179869184.00 GB
CompressedClassSpaceSize: 1.00 GB

CodeHeap 'non-profiled nmethods': size=120064Kb used=62Kb max_used=62Kb free=120001Kb
 bounds [0x000000000dfb0000, 0x000000000e220000, 0x00000000154f0000]
CodeHeap 'profiled nmethods': size=120000Kb used=452Kb max_used=452Kb free=119547Kb
 bounds [0x0000000006a80000, 0x0000000006cf0000, 0x000000000dfb0000]
CodeHeap 'non-nmethods': size=5696Kb used=1065Kb max_used=1077Kb free=4630Kb
 bounds [0x00000000064f0000, 0x0000000006760000, 0x0000000006a80000]
 total_blobs=966 nmethods=278 adapters=261
 compilation: enabled
              stopped_count=0, restarted_count=0
 full_count=0

Compilation events (20 events):
Event: 0.167 Thread 0x000000001daf2000  252       3       sun.util.locale.StringTokenIterator::hasNext (20 bytes)
Event: 0.167 Thread 0x000000001daf2000 nmethod 252 0x0000000006adfc90 code [0x0000000006adfe60, 0x0000000006ae0138]
Event: 0.167 Thread 0x000000001daf2000  255       3       sun.util.locale.BaseLocale$Key::getBaseLocale (25 bytes)
Event: 0.167 Thread 0x000000001daf2000 nmethod 255 0x0000000006ae0290 code [0x0000000006ae0460, 0x0000000006ae0810]
Event: 0.167 Thread 0x000000001daf2000  256       3       java.util.Locale::getInstance (36 bytes)
Event: 0.167 Thread 0x000000001daf2000 nmethod 256 0x0000000006ae0910 code [0x0000000006ae0b00, 0x0000000006ae10b0]
Event: 0.168 Thread 0x000000001daf2000  257       3       java.lang.ref.SoftReference::get (29 bytes)
Event: 0.168 Thread 0x000000001daf2000 nmethod 257 0x0000000006ae1210 code [0x0000000006ae13c0, 0x0000000006ae1618]
Event: 0.168 Thread 0x000000001daf2000  247       3       java.lang.ref.Reference::<init> (7 bytes)
Event: 0.168 Thread 0x000000001daf2000 nmethod 247 0x0000000006ae1690 code [0x0000000006ae1860, 0x0000000006ae1b78]
Event: 0.168 Thread 0x000000001daf2000  254       3       java.util.HashMap$KeyIterator::next (8 bytes)
Event: 0.168 Thread 0x000000001daf2000 nmethod 254 0x0000000006ae1c90 code [0x0000000006ae1e40, 0x0000000006ae1ff0]
Event: 0.168 Thread 0x000000001daf2000  253       3       sun.util.locale.LocaleUtils::isLower (18 bytes)
Event: 0.168 Thread 0x000000001daf2000 nmethod 253 0x0000000006ae2090 code [0x0000000006ae2240, 0x0000000006ae2418]
Event: 0.168 Thread 0x000000001daf2000  258       3       sun.util.locale.InternalLocaleBuilder::<init> (29 bytes)
Event: 0.168 Thread 0x000000001daec800  262       4       java.lang.String::hashCode (49 bytes)
Event: 0.168 Thread 0x000000001daf2000 nmethod 258 0x0000000006ae2490 code [0x0000000006ae2660, 0x0000000006ae29f8]
Event: 0.168 Thread 0x000000001daf2000  259       3       sun.util.locale.BaseLocale$Cache::normalizeKey (9 bytes)
Event: 0.168 Thread 0x000000001daf2000 nmethod 259 0x0000000006ae2a90 code [0x0000000006ae2c60, 0x0000000006ae2f70]
Event: 0.168 Thread 0x000000001daf2000  265       3       sun.util.locale.LocaleUtils::toTitleString (139 bytes)

GC Heap History (0 events):
No events

Deoptimization events (4 events):
Event: 0.068 Thread 0x00000000004a4800 Uncommon trap: trap_request=0xffffff4d fr.pc=0x000000000dfb4cb0 relative=0x0000000000000190
Event: 0.068 Thread 0x00000000004a4800 Uncommon trap: reason=unstable_if action=reinterpret pc=0x000000000dfb4cb0 method=java.lang.String.hashCode()I @ 14 c2
Event: 0.068 Thread 0x00000000004a4800 DEOPT PACKING pc=0x000000000dfb4cb0 sp=0x0000000001f3db00
Event: 0.068 Thread 0x00000000004a4800 DEOPT UNPACKING pc=0x00000000065191af sp=0x0000000001f3da98 mode 2

Classes redefined (0 events):
No events

Internal exceptions (0 events):
No events

Events (20 events):
Event: 0.143 loading class jdk/internal/jimage/ImageBufferCache$2
Event: 0.143 loading class jdk/internal/jimage/ImageBufferCache$2 done
Event: 0.143 loading class jdk/internal/jimage/ImageBufferCache$BufferReference
Event: 0.143 loading class jdk/internal/jimage/ImageBufferCache$BufferReference done
Event: 0.144 loading class jdk/internal/jimage/decompressor/ResourceDecompressor$StringsProvider
Event: 0.144 loading class jdk/internal/jimage/decompressor/ResourceDecompressor$StringsProvider done
Event: 0.145 loading class jdk/internal/jimage/decompressor/CompressedResourceHeader
Event: 0.145 loading class jdk/internal/jimage/decompressor/CompressedResourceHeader done
Event: 0.145 loading class jdk/internal/jimage/decompressor/ResourceDecompressorRepository
Event: 0.145 loading class jdk/internal/jimage/decompressor/ResourceDecompressorRepository done
Event: 0.145 loading class jdk/internal/jimage/decompressor/ZipDecompressorFactory
Event: 0.145 loading class jdk/internal/jimage/decompressor/ResourceDecompressorFactory
Event: 0.145 loading class jdk/internal/jimage/decompressor/ResourceDecompressorFactory done
Event: 0.145 loading class jdk/internal/jimage/decompressor/ZipDecompressorFactory done
Event: 0.145 loading class jdk/internal/jimage/decompressor/StringSharingDecompressorFactory
Event: 0.145 loading class jdk/internal/jimage/decompressor/StringSharingDecompressorFactory done
Event: 0.145 loading class jdk/internal/jimage/decompressor/ZipDecompressor
Event: 0.145 loading class jdk/internal/jimage/decompressor/ResourceDecompressor
Event: 0.145 loading class jdk/internal/jimage/decompressor/ResourceDecompressor done
Event: 0.145 loading class jdk/internal/jimage/decompressor/ZipDecompressor done


Dynamic libraries:
0x000000013ff50000 - 0x000000013ff5a000 	E:\IntelliJ IDEA 2019.3.4\jbr\bin\java.exe
0x0000000077860000 - 0x00000000779ff000 	C:\Windows\SYSTEM32\ntdll.dll
0x0000000077740000 - 0x000000007785f000 	C:\Windows\system32\kernel32.dll
0x000007fefd3d0000 - 0x000007fefd437000 	C:\Windows\system32\KERNELBASE.dll
0x000007feea690000 - 0x000007feea6a9000 	E:\IntelliJ IDEA 2019.3.4\jbr\bin\jli.dll
0x000007fefc540000 - 0x000007fefc735000 	C:\Windows\WinSxS\amd64_microsoft.windows.common-controls_6595b64144ccf1df_6.0.7601.24483_none_e372d88f30fbb845\COMCTL32.dll
0x000007fefeb90000 - 0x000007fefec2f000 	C:\Windows\system32\msvcrt.dll
0x000007fefd910000 - 0x000007fefd977000 	C:\Windows\system32\GDI32.dll
0x0000000077640000 - 0x000000007773b000 	C:\Windows\system32\USER32.dll
0x000007fefd770000 - 0x000007fefd77e000 	C:\Windows\system32\LPK.dll
0x000007feff950000 - 0x000007feffa1b000 	C:\Windows\system32\USP10.dll
0x000007feff100000 - 0x000007feff171000 	C:\Windows\system32\SHLWAPI.dll
0x000007feee910000 - 0x000007feee927000 	E:\IntelliJ IDEA 2019.3.4\jbr\bin\VCRUNTIME140.dll
0x000007feeea70000 - 0x000007feeea74000 	E:\IntelliJ IDEA 2019.3.4\jbr\bin\api-ms-win-crt-runtime-l1-1-0.dll
0x000007feee930000 - 0x000007feeea2a000 	E:\IntelliJ IDEA 2019.3.4\jbr\bin\ucrtbase.DLL
0x000007fef0580000 - 0x000007fef0583000 	E:\IntelliJ IDEA 2019.3.4\jbr\bin\api-ms-win-core-localization-l1-2-0.dll
0x000007fef0530000 - 0x000007fef0533000 	E:\IntelliJ IDEA 2019.3.4\jbr\bin\api-ms-win-core-processthreads-l1-1-1.dll
0x000007fef05e0000 - 0x000007fef05e3000 	E:\IntelliJ IDEA 2019.3.4\jbr\bin\api-ms-win-core-file-l1-2-0.dll
0x000007fef04c0000 - 0x000007fef04c3000 	E:\IntelliJ IDEA 2019.3.4\jbr\bin\api-ms-win-core-timezone-l1-1-0.dll
0x000007fef05d0000 - 0x000007fef05d3000 	E:\IntelliJ IDEA 2019.3.4\jbr\bin\api-ms-win-core-file-l2-1-0.dll
0x000007fef04e0000 - 0x000007fef04e3000 	E:\IntelliJ IDEA 2019.3.4\jbr\bin\api-ms-win-core-synch-l1-2-0.dll
0x000007feeea50000 - 0x000007feeea54000 	E:\IntelliJ IDEA 2019.3.4\jbr\bin\api-ms-win-crt-string-l1-1-0.dll
0x000007fef0460000 - 0x000007fef0463000 	E:\IntelliJ IDEA 2019.3.4\jbr\bin\api-ms-win-crt-heap-l1-1-0.dll
0x000007feeea60000 - 0x000007feeea64000 	E:\IntelliJ IDEA 2019.3.4\jbr\bin\api-ms-win-crt-stdio-l1-1-0.dll
0x000007fef0490000 - 0x000007fef0494000 	E:\IntelliJ IDEA 2019.3.4\jbr\bin\api-ms-win-crt-convert-l1-1-0.dll
0x000007fef0480000 - 0x000007fef0483000 	E:\IntelliJ IDEA 2019.3.4\jbr\bin\api-ms-win-crt-environment-l1-1-0.dll
0x000007fef0470000 - 0x000007fef0473000 	E:\IntelliJ IDEA 2019.3.4\jbr\bin\api-ms-win-crt-filesystem-l1-1-0.dll
0x000007fef0440000 - 0x000007fef0445000 	E:\IntelliJ IDEA 2019.3.4\jbr\bin\api-ms-win-crt-math-l1-1-0.dll
0x000007fef0450000 - 0x000007fef0453000 	E:\IntelliJ IDEA 2019.3.4\jbr\bin\api-ms-win-crt-locale-l1-1-0.dll
0x000007fefd980000 - 0x000007fefd9ae000 	C:\Windows\system32\IMM32.DLL
0x000007feff2b0000 - 0x000007feff3bb000 	C:\Windows\system32\MSCTF.dll
0x000007feee870000 - 0x000007feee90d000 	E:\IntelliJ IDEA 2019.3.4\jbr\bin\msvcp140.dll
0x000007feeeaa0000 - 0x000007feeeaa5000 	E:\IntelliJ IDEA 2019.3.4\jbr\bin\api-ms-win-crt-multibyte-l1-1-0.dll
0x000007feeea40000 - 0x000007feeea43000 	E:\IntelliJ IDEA 2019.3.4\jbr\bin\api-ms-win-crt-time-l1-1-0.dll
0x000007feeea30000 - 0x000007feeea33000 	E:\IntelliJ IDEA 2019.3.4\jbr\bin\api-ms-win-crt-utility-l1-1-0.dll
0x000007feeeab0000 - 0x000007feef56d000 	E:\IntelliJ IDEA 2019.3.4\jbr\bin\server\jvm.dll
0x000007fefd9b0000 - 0x000007fefda8b000 	C:\Windows\system32\ADVAPI32.dll
0x000007feff180000 - 0x000007feff19f000 	C:\Windows\SYSTEM32\sechost.dll
0x000007feffa20000 - 0x000007feffb4c000 	C:\Windows\system32\RPCRT4.dll
0x000007fef9c00000 - 0x000007fef9c09000 	C:\Windows\system32\WSOCK32.dll
0x000007fefdc70000 - 0x000007fefdcbd000 	C:\Windows\system32\WS2_32.dll
0x000007feff1a0000 - 0x000007feff1a8000 	C:\Windows\system32\NSI.dll
0x000007fef9f10000 - 0x000007fef9f4b000 	C:\Windows\system32\WINMM.dll
0x000007fefc270000 - 0x000007fefc27c000 	C:\Windows\system32\VERSION.dll
0x0000000077a10000 - 0x0000000077a17000 	C:\Windows\system32\PSAPI.DLL
0x000007fef13c0000 - 0x000007fef13d1000 	E:\IntelliJ IDEA 2019.3.4\jbr\bin\verify.dll
0x000007fef91b0000 - 0x000007fef92d5000 	C:\Windows\system32\DBGHELP.DLL
0x000007fef1390000 - 0x000007fef13b9000 	E:\IntelliJ IDEA 2019.3.4\jbr\bin\java.dll
0x000007fef1370000 - 0x000007fef1388000 	E:\IntelliJ IDEA 2019.3.4\jbr\bin\zip.dll
0x000007fef9bf0000 - 0x000007fef9bfb000 	E:\IntelliJ IDEA 2019.3.4\jbr\bin\jimage.dll
0x000007fefde00000 - 0x000007fefeb8b000 	C:\Windows\system32\SHELL32.dll
0x000007fefec30000 - 0x000007fefee2f000 	C:\Windows\system32\ole32.dll
0x000007fefd3c0000 - 0x000007fefd3cf000 	C:\Windows\system32\profapi.dll
0x000007fef1350000 - 0x000007fef136a000 	E:\IntelliJ IDEA 2019.3.4\jbr\bin\net.dll
0x000007fef98a0000 - 0x000007fef9911000 	C:\Windows\system32\WINHTTP.dll
0x000007fef9830000 - 0x000007fef9895000 	C:\Windows\system32\webio.dll
0x000007fefcb10000 - 0x000007fefcb65000 	C:\Windows\system32\mswsock.dll
0x000007fefcb00000 - 0x000007fefcb07000 	C:\Windows\System32\wship6.dll
0x000007fef1330000 - 0x000007fef1344000 	E:\IntelliJ IDEA 2019.3.4\jbr\bin\nio.dll

dbghelp: loaded successfully - version: 4.0.5 - missing functions: none
symbol engine: initialized successfully - sym options: 0x614 - pdb path: (cannot be retrieved)

VM Arguments:
java_command: org.jetbrains.git4idea.http.GitAskPassApp Password for 'https://github.com': 
java_class_path (initial): E:/IntelliJ IDEA 2019.3.4/plugins/git4idea/lib/git4idea-rt.jar;E:/IntelliJ IDEA 2019.3.4/lib/xmlrpc-2.0.1.jar;E:/IntelliJ IDEA 2019.3.4/lib/commons-codec-1.13.jar;E:/IntelliJ IDEA 2019.3.4/lib/util.jar
Launcher Type: SUN_STANDARD

[Global flags]
     intx CICompilerCount                          = 3                                         {product} {ergonomic}
     uint ConcGCThreads                            = 1                                         {product} {ergonomic}
     uint G1ConcRefinementThreads                  = 4                                         {product} {ergonomic}
   size_t G1HeapRegionSize                         = 1048576                                   {product} {ergonomic}
    uintx GCDrainStackTargetSize                   = 64                                        {product} {ergonomic}
   size_t InitialHeapSize                          = 134217728                                 {product} {ergonomic}
   size_t MarkStackSize                            = 4194304                                   {product} {ergonomic}
   size_t MaxHeapSize                              = 2118123520                                {product} {ergonomic}
   size_t MaxNewSize                               = 1270874112                                {product} {ergonomic}
   size_t MinHeapDeltaBytes                        = 1048576                                   {product} {ergonomic}
    uintx NonNMethodCodeHeapSize                   = 5830732                                {pd product} {ergonomic}
    uintx NonProfiledCodeHeapSize                  = 122913754                              {pd product} {ergonomic}
    uintx ProfiledCodeHeapSize                     = 122913754                              {pd product} {ergonomic}
    uintx ReservedCodeCacheSize                    = 251658240                              {pd product} {ergonomic}
     bool SegmentedCodeCache                       = true                                      {product} {ergonomic}
     bool UseCompressedClassPointers               = true                                 {lp64_product} {ergonomic}
     bool UseCompressedOops                        = true                                 {lp64_product} {ergonomic}
     bool UseG1GC                                  = true                                      {product} {ergonomic}
     bool UseLargePagesIndividualAllocation        = false                                  {pd product} {ergonomic}

Logging:
Log output configuration:
 #0: stdout all=warning uptime,level,tags
 #1: stderr all=off uptime,level,tags

Environment Variables:
JAVA_HOME=C:\Program Files\Java\jdk1.8.0_181
PATH=E:/Git/mingw64/libexec/git-core;E:/Git/mingw64/libexec/git-core;E:\Git\mingw64\bin;E:\Git\usr\bin;C:\Users\My\bin;C:\Program Files (x86)\Common Files\Oracle\Java\javapath;C:\Windows\system32;C:\Windows;C:\Windows\System32\Wbem;C:\Windows\System32\WindowsPowerShell\v1.0\;C:\Program Files (x86)\Intel\OpenCL SDK\2.0\bin\x86;C:\Program Files (x86)\Intel\OpenCL SDK\2.0\bin\x64;C:\Program Files\ThinkPad\Bluetooth Software\;C:\Program Files\ThinkPad\Bluetooth Software\syswow64;C:\Program Files\Java\jdk1.8.0_181\bin;E:\apache-maven-3.6.3\bin;E:\Git\cmd;E:\nodejs\;E:\nodejs\node_global;C:\Program Files\MySQL\MySQL Shell 8.0\bin\;C:\Users\My\AppData\Roaming\npm;E:\Microsoft VS Code\bin
USERNAME=My
DISPLAY=:0.0
OS=Windows_NT
PROCESSOR_IDENTIFIER=Intel64 Family 6 Model 42 Stepping 7, GenuineIntel



---------------  S Y S T E M  ---------------

OS: Windows 7 , 64 bit Build 7601 (6.1.7601.24545)

CPU:total 4 (initial active 4) (2 cores per cpu, 2 threads per core) family 6 model 42 stepping 7, cmov, cx8, fxsr, mmx, sse, sse2, sse3, ssse3, sse4.1, sse4.2, popcnt, avx, aes, clmul, ht, tsc, tscinvbit

Memory: 4k page, system-wide physical 8075M (1024M free)
TotalPageFile size 12169M (AvailPageFile size 4M)
current process WorkingSet (physical memory assigned to process): 42M, peak: 42M
current process commit charge ("private bytes"): 205M, peak: 206M

vm_info: OpenJDK 64-Bit Server VM (11.0.6+8-b520.43) for windows-amd64 JRE (11.0.6+8-b520.43), built on Feb  3 2020 14:18:56 by "" with MS VC++ 14.0 (VS2015)

END.
